<?xml version="1.0" encoding="UTF-8"?>
<!-- Generated by org.testng.reporters.JUnitXMLReporter -->
<testsuite ignored="10" hostname="belmouden" failures="0" tests="1" name="Default test" time="6.962" errors="0" timestamp="2023-04-26T13:55:17 EDT">
  <testcase classname="Login_TestCases.Login_testcases" name="Testcase12_passwordhiding" time="5.436"/>
  <testcase classname="Login_TestCases.Login_testcases" name="Testcase01_ValidEmail_And_VALIDPassword" time="0.0">
    <ignored/>
  </testcase> <!-- Testcase01_ValidEmail_And_VALIDPassword -->
  <testcase classname="Login_TestCases.Login_testcases" name="Testcase06_ForgottenButton" time="0.0">
    <ignored/>
  </testcase> <!-- Testcase06_ForgottenButton -->
  <testcase classname="Login_TestCases.Login_testcases" name="Testcase08_place_holder_text" time="0.0">
    <ignored/>
  </testcase> <!-- Testcase08_place_holder_text -->
  <testcase classname="Login_TestCases.Login_testcases" name="Testcase10_logoutdropdownbackbutton" time="0.0">
    <ignored/>
  </testcase> <!-- Testcase10_logoutdropdownbackbutton -->
  <testcase classname="Login_TestCases.Login_testcases" name="Testcase05_NoEmail_And_NOPassword" time="0.0">
    <ignored/>
  </testcase> <!-- Testcase05_NoEmail_And_NOPassword -->
  <testcase classname="Login_TestCases.Login_testcases" name="Testcase02_InValidEmail_And_validPassword" time="0.0">
    <ignored/>
  </testcase> <!-- Testcase02_InValidEmail_And_validPassword -->
  <testcase classname="Login_TestCases.Login_testcases" name="Testcase04_InValidEmail_And_INvalidPassword2" time="0.0">
    <ignored/>
  </testcase> <!-- Testcase04_InValidEmail_And_INvalidPassword2 -->
  <testcase classname="Login_TestCases.Login_testcases" name="Testcase03_ValidEmail_And_INvalidPassword" time="0.0">
    <ignored/>
  </testcase> <!-- Testcase03_ValidEmail_And_INvalidPassword -->
  <testcase classname="Login_TestCases.Login_testcases" name="Testcase09_logoutbackbutton" time="0.0">
    <ignored/>
  </testcase> <!-- Testcase09_logoutbackbutton -->
  <testcase classname="Login_TestCases.Login_testcases" name="Testcase07_Tabbutton_enterbutton" time="0.0">
    <ignored/>
  </testcase> <!-- Testcase07_Tabbutton_enterbutton -->
</testsuite> <!-- Default test -->
