<?xml version="1.0" encoding="UTF-8"?>
<!-- Generated by org.testng.reporters.JUnitXMLReporter -->
<testsuite ignored="6" hostname="belmouden" failures="0" tests="1" name="Default test" time="8.804" errors="0" timestamp="2023-04-18T04:29:24 EDT">
  <testcase classname="Login_TestCases.Login_testcases" name="Tabbutton_enterbutton" time="7.204"/>
  <testcase classname="Login_TestCases.Login_testcases" name="Testcase01_ValidEmail_And_VALIDPassword" time="0.0">
    <ignored/>
  </testcase> <!-- Testcase01_ValidEmail_And_VALIDPassword -->
  <testcase classname="Login_TestCases.Login_testcases" name="Testcase06_ForgottenButton" time="0.0">
    <ignored/>
  </testcase> <!-- Testcase06_ForgottenButton -->
  <testcase classname="Login_TestCases.Login_testcases" name="Testcase05_NoEmail_And_NOPassword" time="0.0">
    <ignored/>
  </testcase> <!-- Testcase05_NoEmail_And_NOPassword -->
  <testcase classname="Login_TestCases.Login_testcases" name="Testcase02_InValidEmail_And_validPassword" time="0.0">
    <ignored/>
  </testcase> <!-- Testcase02_InValidEmail_And_validPassword -->
  <testcase classname="Login_TestCases.Login_testcases" name="Testcase04_InValidEmail_And_INvalidPassword2" time="0.0">
    <ignored/>
  </testcase> <!-- Testcase04_InValidEmail_And_INvalidPassword2 -->
  <testcase classname="Login_TestCases.Login_testcases" name="Testcase03_ValidEmail_And_INvalidPassword" time="0.0">
    <ignored/>
  </testcase> <!-- Testcase03_ValidEmail_And_INvalidPassword -->
</testsuite> <!-- Default test -->
