<?xml version="1.0" encoding="UTF-8"?>
<!-- Generated by org.testng.reporters.JUnitXMLReporter -->
<testsuite ignored="0" hostname="belmouden" failures="1" tests="6" name="Test" time="35.711" errors="0" timestamp="2023-04-14T00:23:24 EDT">
  <testcase classname="com.maven.torialsninja.TestCases.Testcase01_ValidEmail_And_VALIDPassword" name="logittest" time="5.032"/>
  <testcase classname="com.maven.torialsninja.TestCases.Testcase02_InValidEmail_And_validPassword" name="logittest" time="4.981"/>
  <testcase classname="com.maven.torialsninja.TestCases.Testcase03_ValidEmail_And_INvalidPassword" name="logittest" time="4.682"/>
  <testcase classname="com.maven.torialsninja.TestCases.Testcase04_InValidEmail_And_INvalidPassword2" name="logittest" time="4.923">
    <failure type="java.lang.AssertionError" message="expected [true] but found [false]">
      <![CDATA[java.lang.AssertionError: expected [true] but found [false]
at com.maven.torialsninja.TestCases.Testcase04_InValidEmail_And_INvalidPassword2.logittest(Testcase04_InValidEmail_And_INvalidPassword2.java:46)
at java.base/java.util.ArrayList.forEach(ArrayList.java:1511)
... Removed 31 stack frames]]>
    </failure>
  </testcase> <!-- logittest -->
  <testcase classname="com.maven.torialsninja.TestCases.Testcase05_NoEmail_And_NOPassword" name="logittest" time="4.853"/>
  <testcase classname="com.maven.torialsninja.TestCases.Testcase06_ForgottenButton" name="logittest" time="4.802"/>
</testsuite> <!-- Test -->
