<?xml version="1.0" encoding="UTF-8"?>
<testng-results ignored="6" total="7" passed="1" failed="0" skipped="0">
  <reporter-output>
  </reporter-output>
  <suite started-at="2023-04-18T04:29:15 EDT" name="Default suite" finished-at="2023-04-18T04:29:24 EDT" duration-ms="8804">
    <groups>
    </groups>
    <test started-at="2023-04-18T04:29:15 EDT" name="Default test" finished-at="2023-04-18T04:29:24 EDT" duration-ms="8804">
      <class name="Login_TestCases.Login_testcases">
        <test-method is-config="true" signature="setup()[pri:0, instance:Login_TestCases.Login_testcases@61001b64]" started-at="2023-04-18T04:29:15 EDT" name="setup" finished-at="2023-04-18T04:29:16 EDT" duration-ms="1424" status="PASS">
          <reporter-output>
          </reporter-output>
        </test-method> <!-- setup -->
        <test-method signature="Tabbutton_enterbutton()[pri:7, instance:Login_TestCases.Login_testcases@61001b64]" started-at="2023-04-18T04:29:16 EDT" name="Tabbutton_enterbutton" finished-at="2023-04-18T04:29:24 EDT" duration-ms="7204" status="PASS">
          <reporter-output>
          </reporter-output>
        </test-method> <!-- Tabbutton_enterbutton -->
        <test-method is-config="true" signature="tearDown()[pri:0, instance:Login_TestCases.Login_testcases@61001b64]" started-at="2023-04-18T04:29:24 EDT" name="tearDown" finished-at="2023-04-18T04:29:24 EDT" duration-ms="144" status="PASS">
          <reporter-output>
          </reporter-output>
        </test-method> <!-- tearDown -->
      </class> <!-- Login_TestCases.Login_testcases -->
    </test> <!-- Default test -->
  </suite> <!-- Default suite -->
</testng-results>
