<?xml version="1.0" encoding="UTF-8"?>
<testng-results ignored="0" total="1" passed="1" failed="0" skipped="0">
  <reporter-output>
  </reporter-output>
  <suite started-at="2023-04-10T18:52:55 EDT" name="Default suite" finished-at="2023-04-10T18:53:03 EDT" duration-ms="7040">
    <groups>
    </groups>
    <test started-at="2023-04-10T18:52:55 EDT" name="Default test" finished-at="2023-04-10T18:53:03 EDT" duration-ms="7040">
      <class name="com.maven.torialsninja.TestCases.Testcase03InValidEmailAndvalidPassword">
        <test-method is-config="true" signature="setup()[pri:0, instance:com.maven.torialsninja.TestCases.Testcase03InValidEmailAndvalidPassword@75437611]" started-at="2023-04-10T18:52:55 EDT" name="setup" finished-at="2023-04-10T18:52:57 EDT" duration-ms="1636" status="PASS">
          <reporter-output>
          </reporter-output>
        </test-method> <!-- setup -->
        <test-method signature="logittest()[pri:0, instance:com.maven.torialsninja.TestCases.Testcase03InValidEmailAndvalidPassword@75437611]" started-at="2023-04-10T18:52:57 EDT" name="logittest" finished-at="2023-04-10T18:53:02 EDT" duration-ms="5191" status="PASS">
          <reporter-output>
          </reporter-output>
        </test-method> <!-- logittest -->
        <test-method is-config="true" signature="tearDown()[pri:0, instance:com.maven.torialsninja.TestCases.Testcase03InValidEmailAndvalidPassword@75437611]" started-at="2023-04-10T18:53:02 EDT" name="tearDown" finished-at="2023-04-10T18:53:03 EDT" duration-ms="172" status="PASS">
          <reporter-output>
          </reporter-output>
        </test-method> <!-- tearDown -->
      </class> <!-- com.maven.torialsninja.TestCases.Testcase03InValidEmailAndvalidPassword -->
    </test> <!-- Default test -->
  </suite> <!-- Default suite -->
</testng-results>
